DEBUG - 2025-10-08 15:00:24 --> Session: Class initialized using 'CodeIgniter\Session\Handlers\FileHandler' driver.
CRITICAL - 2025-10-08 15:00:24 --> CodeIgniter\View\Exceptions\ViewException: Invalid file: "auth/login.php"
[Method: GET, Route: /]
in SYSTEMPATH\Exceptions\FrameworkException.php on line 39.
 1 SYSTEMPATH\View\View.php(214): CodeIgniter\Exceptions\FrameworkException::forInvalidFile('auth/login.php')
 2 SYSTEMPATH\Common.php(1167): CodeIgniter\View\View->render('auth/login', [], true)
 3 APPPATH\Controllers\Auth.php(21): view('auth/login')
 4 SYSTEMPATH\CodeIgniter.php(933): App\Controllers\Auth->login()
 5 SYSTEMPATH\CodeIgniter.php(507): CodeIgniter\CodeIgniter->runController(Object(App\Controllers\Auth))
 6 SYSTEMPATH\CodeIgniter.php(354): CodeIgniter\CodeIgniter->handleRequest(null, Object(Config\Cache), false)
 7 SYSTEMPATH\Boot.php(363): CodeIgniter\CodeIgniter->run()
 8 SYSTEMPATH\Boot.php(68): CodeIgniter\Boot::runCodeIgniter(Object(CodeIgniter\CodeIgniter))
 9 FCPATH\index.php(59): CodeIgniter\Boot::bootWeb(Object(Config\Paths))
10 SYSTEMPATH\rewrite.php(44): require_once('C:\\Users\\RudieProject\\Desktop\\mrr-project\\public\\index.php')
DEBUG - 2025-10-08 15:02:24 --> Session: Class initialized using 'CodeIgniter\Session\Handlers\FileHandler' driver.
CRITICAL - 2025-10-08 15:02:31 --> CodeIgniter\View\Exceptions\ViewException: Invalid file: "auth/register.php"
[Method: GET, Route: register]
in SYSTEMPATH\Exceptions\FrameworkException.php on line 39.
 1 SYSTEMPATH\View\View.php(214): CodeIgniter\Exceptions\FrameworkException::forInvalidFile('auth/register.php')
 2 SYSTEMPATH\Common.php(1167): CodeIgniter\View\View->render('auth/register', [], true)
 3 APPPATH\Controllers\Auth.php(48): view('auth/register')
 4 SYSTEMPATH\CodeIgniter.php(933): App\Controllers\Auth->register()
 5 SYSTEMPATH\CodeIgniter.php(507): CodeIgniter\CodeIgniter->runController(Object(App\Controllers\Auth))
 6 SYSTEMPATH\CodeIgniter.php(354): CodeIgniter\CodeIgniter->handleRequest(null, Object(Config\Cache), false)
 7 SYSTEMPATH\Boot.php(363): CodeIgniter\CodeIgniter->run()
 8 SYSTEMPATH\Boot.php(68): CodeIgniter\Boot::runCodeIgniter(Object(CodeIgniter\CodeIgniter))
 9 FCPATH\index.php(59): CodeIgniter\Boot::bootWeb(Object(Config\Paths))
10 SYSTEMPATH\rewrite.php(44): require_once('C:\\Users\\RudieProject\\Desktop\\mrr-project\\public\\index.php')
DEBUG - 2025-10-08 15:02:54 --> Session: Class initialized using 'CodeIgniter\Session\Handlers\FileHandler' driver.
ERROR - 2025-10-08 15:13:45 --> mysqli_sql_exception: Unknown column 'full_name' in 'field list' in C:\Users\RudieProject\Desktop\mrr-project\vendor\codeigniter4\framework\system\Database\MySQLi\Connection.php:327
Stack trace:
#0 C:\Users\RudieProject\Desktop\mrr-project\vendor\codeigniter4\framework\system\Database\MySQLi\Connection.php(327): mysqli->query('INSERT INTO `us...', 0)
#1 C:\Users\RudieProject\Desktop\mrr-project\vendor\codeigniter4\framework\system\Database\BaseConnection.php(729): CodeIgniter\Database\MySQLi\Connection->execute('INSERT INTO `us...')
#2 C:\Users\RudieProject\Desktop\mrr-project\vendor\codeigniter4\framework\system\Database\BaseConnection.php(646): CodeIgniter\Database\BaseConnection->simpleQuery('INSERT INTO `us...')
#3 C:\Users\RudieProject\Desktop\mrr-project\vendor\codeigniter4\framework\system\Database\BaseBuilder.php(2345): CodeIgniter\Database\BaseConnection->query('INSERT INTO `us...', Array, false)
#4 C:\Users\RudieProject\Desktop\mrr-project\vendor\codeigniter4\framework\system\Model.php(394): CodeIgniter\Database\BaseBuilder->insert()
#5 C:\Users\RudieProject\Desktop\mrr-project\vendor\codeigniter4\framework\system\BaseModel.php(838): CodeIgniter\Model->doInsert(Array)
#6 C:\Users\RudieProject\Desktop\mrr-project\vendor\codeigniter4\framework\system\Model.php(797): CodeIgniter\BaseModel->insert(Array, true)
#7 C:\Users\RudieProject\Desktop\mrr-project\app\Controllers\Auth.php(66): CodeIgniter\Model->insert(Array)
#8 C:\Users\RudieProject\Desktop\mrr-project\vendor\codeigniter4\framework\system\CodeIgniter.php(933): App\Controllers\Auth->attemptRegister()
#9 C:\Users\RudieProject\Desktop\mrr-project\vendor\codeigniter4\framework\system\CodeIgniter.php(507): CodeIgniter\CodeIgniter->runController(Object(App\Controllers\Auth))
#10 C:\Users\RudieProject\Desktop\mrr-project\vendor\codeigniter4\framework\system\CodeIgniter.php(354): CodeIgniter\CodeIgniter->handleRequest(NULL, Object(Config\Cache), false)
#11 C:\Users\RudieProject\Desktop\mrr-project\vendor\codeigniter4\framework\system\Boot.php(363): CodeIgniter\CodeIgniter->run()
#12 C:\Users\RudieProject\Desktop\mrr-project\vendor\codeigniter4\framework\system\Boot.php(68): CodeIgniter\Boot::runCodeIgniter(Object(CodeIgniter\CodeIgniter))
#13 C:\Users\RudieProject\Desktop\mrr-project\public\index.php(59): CodeIgniter\Boot::bootWeb(Object(Config\Paths))
#14 C:\Users\RudieProject\Desktop\mrr-project\vendor\codeigniter4\framework\system\rewrite.php(44): require_once('C:\\Users\\RudieP...')
#15 {main}
CRITICAL - 2025-10-08 15:13:45 --> CodeIgniter\Database\Exceptions\DatabaseException: Unknown column 'full_name' in 'field list'
[Method: POST, Route: register]
in SYSTEMPATH\Database\BaseConnection.php on line 684.
 1 SYSTEMPATH\Database\BaseBuilder.php(2345): CodeIgniter\Database\BaseConnection->query('INSERT INTO `user_tbl` (`full_name`, `Email`, `jabatan_id`, `password`, `user_Category`, `Category`) VALUES (:full_name:, :Email:, :jabatan_id:, :password:, :user_Category:, :Category:)', [...], false)
 2 SYSTEMPATH\Model.php(394): CodeIgniter\Database\BaseBuilder->insert()
 3 SYSTEMPATH\BaseModel.php(838): CodeIgniter\Model->doInsert([...])
 4 SYSTEMPATH\Model.php(797): CodeIgniter\BaseModel->insert([...], true)
 5 APPPATH\Controllers\Auth.php(66): CodeIgniter\Model->insert([...])
 6 SYSTEMPATH\CodeIgniter.php(933): App\Controllers\Auth->attemptRegister()
 7 SYSTEMPATH\CodeIgniter.php(507): CodeIgniter\CodeIgniter->runController(Object(App\Controllers\Auth))
 8 SYSTEMPATH\CodeIgniter.php(354): CodeIgniter\CodeIgniter->handleRequest(null, Object(Config\Cache), false)
 9 SYSTEMPATH\Boot.php(363): CodeIgniter\CodeIgniter->run()
10 SYSTEMPATH\Boot.php(68): CodeIgniter\Boot::runCodeIgniter(Object(CodeIgniter\CodeIgniter))
11 FCPATH\index.php(59): CodeIgniter\Boot::bootWeb(Object(Config\Paths))
12 SYSTEMPATH\rewrite.php(44): require_once('C:\\Users\\RudieProject\\Desktop\\mrr-project\\public\\index.php')
CRITICAL - 2025-10-08 15:13:45 --> [Caused by] CodeIgniter\Database\Exceptions\DatabaseException: Unknown column 'full_name' in 'field list'
in SYSTEMPATH\Database\MySQLi\Connection.php on line 332.
 1 SYSTEMPATH\Database\BaseConnection.php(729): CodeIgniter\Database\MySQLi\Connection->execute('INSERT INTO `user_tbl` (`full_name`, `Email`, `jabatan_id`, `password`, `user_Category`, `Category`) VALUES (\'Hadi\', \'Hadi@email.com\', \'Jabatan Kejuruteraan Elektronik\', \'Hadi123\', \'Hadi@email.com\', \'user\')')
 2 SYSTEMPATH\Database\BaseConnection.php(646): CodeIgniter\Database\BaseConnection->simpleQuery('INSERT INTO `user_tbl` (`full_name`, `Email`, `jabatan_id`, `password`, `user_Category`, `Category`) VALUES (\'Hadi\', \'Hadi@email.com\', \'Jabatan Kejuruteraan Elektronik\', \'Hadi123\', \'Hadi@email.com\', \'user\')')
 3 SYSTEMPATH\Database\BaseBuilder.php(2345): CodeIgniter\Database\BaseConnection->query('INSERT INTO `user_tbl` (`full_name`, `Email`, `jabatan_id`, `password`, `user_Category`, `Category`) VALUES (:full_name:, :Email:, :jabatan_id:, :password:, :user_Category:, :Category:)', [...], false)
 4 SYSTEMPATH\Model.php(394): CodeIgniter\Database\BaseBuilder->insert()
 5 SYSTEMPATH\BaseModel.php(838): CodeIgniter\Model->doInsert([...])
 6 SYSTEMPATH\Model.php(797): CodeIgniter\BaseModel->insert([...], true)
 7 APPPATH\Controllers\Auth.php(66): CodeIgniter\Model->insert([...])
 8 SYSTEMPATH\CodeIgniter.php(933): App\Controllers\Auth->attemptRegister()
 9 SYSTEMPATH\CodeIgniter.php(507): CodeIgniter\CodeIgniter->runController(Object(App\Controllers\Auth))
10 SYSTEMPATH\CodeIgniter.php(354): CodeIgniter\CodeIgniter->handleRequest(null, Object(Config\Cache), false)
11 SYSTEMPATH\Boot.php(363): CodeIgniter\CodeIgniter->run()
12 SYSTEMPATH\Boot.php(68): CodeIgniter\Boot::runCodeIgniter(Object(CodeIgniter\CodeIgniter))
13 FCPATH\index.php(59): CodeIgniter\Boot::bootWeb(Object(Config\Paths))
14 SYSTEMPATH\rewrite.php(44): require_once('C:\\Users\\RudieProject\\Desktop\\mrr-project\\public\\index.php')
CRITICAL - 2025-10-08 15:13:45 --> [Caused by] mysqli_sql_exception: Unknown column 'full_name' in 'field list'
in SYSTEMPATH\Database\MySQLi\Connection.php on line 327.
 1 SYSTEMPATH\Database\MySQLi\Connection.php(327): mysqli->query('INSERT INTO `user_tbl` (`full_name`, `Email`, `jabatan_id`, `password`, `user_Category`, `Category`) VALUES (\'Hadi\', \'Hadi@email.com\', \'Jabatan Kejuruteraan Elektronik\', \'Hadi123\', \'Hadi@email.com\', \'user\')', 0)
 2 SYSTEMPATH\Database\BaseConnection.php(729): CodeIgniter\Database\MySQLi\Connection->execute('INSERT INTO `user_tbl` (`full_name`, `Email`, `jabatan_id`, `password`, `user_Category`, `Category`) VALUES (\'Hadi\', \'Hadi@email.com\', \'Jabatan Kejuruteraan Elektronik\', \'Hadi123\', \'Hadi@email.com\', \'user\')')
 3 SYSTEMPATH\Database\BaseConnection.php(646): CodeIgniter\Database\BaseConnection->simpleQuery('INSERT INTO `user_tbl` (`full_name`, `Email`, `jabatan_id`, `password`, `user_Category`, `Category`) VALUES (\'Hadi\', \'Hadi@email.com\', \'Jabatan Kejuruteraan Elektronik\', \'Hadi123\', \'Hadi@email.com\', \'user\')')
 4 SYSTEMPATH\Database\BaseBuilder.php(2345): CodeIgniter\Database\BaseConnection->query('INSERT INTO `user_tbl` (`full_name`, `Email`, `jabatan_id`, `password`, `user_Category`, `Category`) VALUES (:full_name:, :Email:, :jabatan_id:, :password:, :user_Category:, :Category:)', [...], false)
 5 SYSTEMPATH\Model.php(394): CodeIgniter\Database\BaseBuilder->insert()
 6 SYSTEMPATH\BaseModel.php(838): CodeIgniter\Model->doInsert([...])
 7 SYSTEMPATH\Model.php(797): CodeIgniter\BaseModel->insert([...], true)
 8 APPPATH\Controllers\Auth.php(66): CodeIgniter\Model->insert([...])
 9 SYSTEMPATH\CodeIgniter.php(933): App\Controllers\Auth->attemptRegister()
10 SYSTEMPATH\CodeIgniter.php(507): CodeIgniter\CodeIgniter->runController(Object(App\Controllers\Auth))
11 SYSTEMPATH\CodeIgniter.php(354): CodeIgniter\CodeIgniter->handleRequest(null, Object(Config\Cache), false)
12 SYSTEMPATH\Boot.php(363): CodeIgniter\CodeIgniter->run()
13 SYSTEMPATH\Boot.php(68): CodeIgniter\Boot::runCodeIgniter(Object(CodeIgniter\CodeIgniter))
14 FCPATH\index.php(59): CodeIgniter\Boot::bootWeb(Object(Config\Paths))
15 SYSTEMPATH\rewrite.php(44): require_once('C:\\Users\\RudieProject\\Desktop\\mrr-project\\public\\index.php')
DEBUG - 2025-10-08 15:42:46 --> Session: Class initialized using 'CodeIgniter\Session\Handlers\FileHandler' driver.
DEBUG - 2025-10-08 15:43:13 --> Session: Class initialized using 'CodeIgniter\Session\Handlers\FileHandler' driver.
CRITICAL - 2025-10-08 15:43:13 --> Error: Class "App\Models\AdminModel" not found
[Method: GET, Route: admin]
in APPPATH\Controllers\Admin.php on line 14.
 1 SYSTEMPATH\CodeIgniter.php(903): App\Controllers\Admin->__construct()
 2 SYSTEMPATH\CodeIgniter.php(498): CodeIgniter\CodeIgniter->createController()
 3 SYSTEMPATH\CodeIgniter.php(354): CodeIgniter\CodeIgniter->handleRequest(null, Object(Config\Cache), false)
 4 SYSTEMPATH\Boot.php(363): CodeIgniter\CodeIgniter->run()
 5 SYSTEMPATH\Boot.php(68): CodeIgniter\Boot::runCodeIgniter(Object(CodeIgniter\CodeIgniter))
 6 FCPATH\index.php(59): CodeIgniter\Boot::bootWeb(Object(Config\Paths))
 7 SYSTEMPATH\rewrite.php(44): require_once('C:\\Users\\RudieProject\\Desktop\\mrr-project\\public\\index.php')
CRITICAL - 2025-10-08 15:49:34 --> Error: Class "App\Models\AdminModel" not found
[Method: GET, Route: admin]
in APPPATH\Controllers\Admin.php on line 14.
 1 SYSTEMPATH\CodeIgniter.php(903): App\Controllers\Admin->__construct()
 2 SYSTEMPATH\CodeIgniter.php(498): CodeIgniter\CodeIgniter->createController()
 3 SYSTEMPATH\CodeIgniter.php(354): CodeIgniter\CodeIgniter->handleRequest(null, Object(Config\Cache), false)
 4 SYSTEMPATH\Boot.php(363): CodeIgniter\CodeIgniter->run()
 5 SYSTEMPATH\Boot.php(68): CodeIgniter\Boot::runCodeIgniter(Object(CodeIgniter\CodeIgniter))
 6 FCPATH\index.php(59): CodeIgniter\Boot::bootWeb(Object(Config\Paths))
 7 SYSTEMPATH\rewrite.php(44): require_once('C:\\Users\\RudieProject\\Desktop\\mrr-project\\public\\index.php')
CRITICAL - 2025-10-08 15:49:38 --> Error: Class "App\Models\AdminModel" not found
[Method: GET, Route: admin]
in APPPATH\Controllers\Admin.php on line 14.
 1 SYSTEMPATH\CodeIgniter.php(903): App\Controllers\Admin->__construct()
 2 SYSTEMPATH\CodeIgniter.php(498): CodeIgniter\CodeIgniter->createController()
 3 SYSTEMPATH\CodeIgniter.php(354): CodeIgniter\CodeIgniter->handleRequest(null, Object(Config\Cache), false)
 4 SYSTEMPATH\Boot.php(363): CodeIgniter\CodeIgniter->run()
 5 SYSTEMPATH\Boot.php(68): CodeIgniter\Boot::runCodeIgniter(Object(CodeIgniter\CodeIgniter))
 6 FCPATH\index.php(59): CodeIgniter\Boot::bootWeb(Object(Config\Paths))
 7 SYSTEMPATH\rewrite.php(44): require_once('C:\\Users\\RudieProject\\Desktop\\mrr-project\\public\\index.php')
DEBUG - 2025-10-08 15:49:44 --> Session: Class initialized using 'CodeIgniter\Session\Handlers\FileHandler' driver.
CRITICAL - 2025-10-08 15:49:45 --> Error: Class "App\Models\AdminModel" not found
[Method: GET, Route: admin]
in APPPATH\Controllers\Admin.php on line 14.
 1 SYSTEMPATH\CodeIgniter.php(903): App\Controllers\Admin->__construct()
 2 SYSTEMPATH\CodeIgniter.php(498): CodeIgniter\CodeIgniter->createController()
 3 SYSTEMPATH\CodeIgniter.php(354): CodeIgniter\CodeIgniter->handleRequest(null, Object(Config\Cache), false)
 4 SYSTEMPATH\Boot.php(363): CodeIgniter\CodeIgniter->run()
 5 SYSTEMPATH\Boot.php(68): CodeIgniter\Boot::runCodeIgniter(Object(CodeIgniter\CodeIgniter))
 6 FCPATH\index.php(59): CodeIgniter\Boot::bootWeb(Object(Config\Paths))
 7 SYSTEMPATH\rewrite.php(44): require_once('C:\\Users\\RudieProject\\Desktop\\mrr-project\\public\\index.php')
DEBUG - 2025-10-08 15:55:20 --> Session: Class initialized using 'CodeIgniter\Session\Handlers\FileHandler' driver.
DEBUG - 2025-10-08 15:55:21 --> Session: Class initialized using 'CodeIgniter\Session\Handlers\FileHandler' driver.
CRITICAL - 2025-10-08 15:55:21 --> CodeIgniter\Exceptions\BadMethodCallException: Call to undefined method App\Models\AdminModel::getAllJabatan
[Method: GET, Route: admin]
in SYSTEMPATH\Model.php on line 927.
 1 APPPATH\Controllers\Admin.php(41): CodeIgniter\Model->__call('getAllJabatan', [])
 2 APPPATH\Controllers\Admin.php(24): App\Controllers\Admin->dashboard()
 3 SYSTEMPATH\CodeIgniter.php(933): App\Controllers\Admin->index()
 4 SYSTEMPATH\CodeIgniter.php(507): CodeIgniter\CodeIgniter->runController(Object(App\Controllers\Admin))
 5 SYSTEMPATH\CodeIgniter.php(354): CodeIgniter\CodeIgniter->handleRequest(null, Object(Config\Cache), false)
 6 SYSTEMPATH\Boot.php(363): CodeIgniter\CodeIgniter->run()
 7 SYSTEMPATH\Boot.php(68): CodeIgniter\Boot::runCodeIgniter(Object(CodeIgniter\CodeIgniter))
 8 FCPATH\index.php(59): CodeIgniter\Boot::bootWeb(Object(Config\Paths))
 9 SYSTEMPATH\rewrite.php(44): require_once('C:\\Users\\RudieProject\\Desktop\\mrr-project\\public\\index.php')
DEBUG - 2025-10-08 16:00:27 --> Session: Class initialized using 'CodeIgniter\Session\Handlers\FileHandler' driver.
DEBUG - 2025-10-08 16:00:27 --> Session: Class initialized using 'CodeIgniter\Session\Handlers\FileHandler' driver.
ERROR - 2025-10-08 16:00:27 --> mysqli_sql_exception: Unknown column 'jabatan_name' in 'field list' in C:\Users\RudieProject\Desktop\mrr-project\vendor\codeigniter4\framework\system\Database\MySQLi\Connection.php:327
Stack trace:
#0 C:\Users\RudieProject\Desktop\mrr-project\vendor\codeigniter4\framework\system\Database\MySQLi\Connection.php(327): mysqli->query('SELECT DISTINCT...', 0)
#1 C:\Users\RudieProject\Desktop\mrr-project\vendor\codeigniter4\framework\system\Database\BaseConnection.php(729): CodeIgniter\Database\MySQLi\Connection->execute('SELECT DISTINCT...')
#2 C:\Users\RudieProject\Desktop\mrr-project\vendor\codeigniter4\framework\system\Database\BaseConnection.php(646): CodeIgniter\Database\BaseConnection->simpleQuery('SELECT DISTINCT...')
#3 C:\Users\RudieProject\Desktop\mrr-project\vendor\codeigniter4\framework\system\Database\BaseBuilder.php(1649): CodeIgniter\Database\BaseConnection->query('SELECT DISTINCT...', Array, false)
#4 C:\Users\RudieProject\Desktop\mrr-project\app\Models\AdminModel.php(63): CodeIgniter\Database\BaseBuilder->get()
#5 C:\Users\RudieProject\Desktop\mrr-project\app\Controllers\Admin.php(41): App\Models\AdminModel->getAllJabatan()
#6 C:\Users\RudieProject\Desktop\mrr-project\app\Controllers\Admin.php(24): App\Controllers\Admin->dashboard()
#7 C:\Users\RudieProject\Desktop\mrr-project\vendor\codeigniter4\framework\system\CodeIgniter.php(933): App\Controllers\Admin->index()
#8 C:\Users\RudieProject\Desktop\mrr-project\vendor\codeigniter4\framework\system\CodeIgniter.php(507): CodeIgniter\CodeIgniter->runController(Object(App\Controllers\Admin))
#9 C:\Users\RudieProject\Desktop\mrr-project\vendor\codeigniter4\framework\system\CodeIgniter.php(354): CodeIgniter\CodeIgniter->handleRequest(NULL, Object(Config\Cache), false)
#10 C:\Users\RudieProject\Desktop\mrr-project\vendor\codeigniter4\framework\system\Boot.php(363): CodeIgniter\CodeIgniter->run()
#11 C:\Users\RudieProject\Desktop\mrr-project\vendor\codeigniter4\framework\system\Boot.php(68): CodeIgniter\Boot::runCodeIgniter(Object(CodeIgniter\CodeIgniter))
#12 C:\Users\RudieProject\Desktop\mrr-project\public\index.php(59): CodeIgniter\Boot::bootWeb(Object(Config\Paths))
#13 C:\Users\RudieProject\Desktop\mrr-project\vendor\codeigniter4\framework\system\rewrite.php(44): require_once('C:\\Users\\RudieP...')
#14 {main}
CRITICAL - 2025-10-08 16:00:27 --> CodeIgniter\Database\Exceptions\DatabaseException: Unknown column 'jabatan_name' in 'field list'
[Method: GET, Route: admin]
in SYSTEMPATH\Database\BaseConnection.php on line 684.
 1 SYSTEMPATH\Database\BaseBuilder.php(1649): CodeIgniter\Database\BaseConnection->query('SELECT DISTINCT `jabatan_id`, `jabatan_name`
FROM `user_tbl`
ORDER BY `jabatan_name` ASC', [], false)
 2 APPPATH\Models\AdminModel.php(63): CodeIgniter\Database\BaseBuilder->get()
 3 APPPATH\Controllers\Admin.php(41): App\Models\AdminModel->getAllJabatan()
 4 APPPATH\Controllers\Admin.php(24): App\Controllers\Admin->dashboard()
 5 SYSTEMPATH\CodeIgniter.php(933): App\Controllers\Admin->index()
 6 SYSTEMPATH\CodeIgniter.php(507): CodeIgniter\CodeIgniter->runController(Object(App\Controllers\Admin))
 7 SYSTEMPATH\CodeIgniter.php(354): CodeIgniter\CodeIgniter->handleRequest(null, Object(Config\Cache), false)
 8 SYSTEMPATH\Boot.php(363): CodeIgniter\CodeIgniter->run()
 9 SYSTEMPATH\Boot.php(68): CodeIgniter\Boot::runCodeIgniter(Object(CodeIgniter\CodeIgniter))
10 FCPATH\index.php(59): CodeIgniter\Boot::bootWeb(Object(Config\Paths))
11 SYSTEMPATH\rewrite.php(44): require_once('C:\\Users\\RudieProject\\Desktop\\mrr-project\\public\\index.php')
CRITICAL - 2025-10-08 16:00:27 --> [Caused by] CodeIgniter\Database\Exceptions\DatabaseException: Unknown column 'jabatan_name' in 'field list'
in SYSTEMPATH\Database\MySQLi\Connection.php on line 332.
 1 SYSTEMPATH\Database\BaseConnection.php(729): CodeIgniter\Database\MySQLi\Connection->execute('SELECT DISTINCT `jabatan_id`, `jabatan_name`
FROM `user_tbl`
ORDER BY `jabatan_name` ASC')
 2 SYSTEMPATH\Database\BaseConnection.php(646): CodeIgniter\Database\BaseConnection->simpleQuery('SELECT DISTINCT `jabatan_id`, `jabatan_name`
FROM `user_tbl`
ORDER BY `jabatan_name` ASC')
 3 SYSTEMPATH\Database\BaseBuilder.php(1649): CodeIgniter\Database\BaseConnection->query('SELECT DISTINCT `jabatan_id`, `jabatan_name`
FROM `user_tbl`
ORDER BY `jabatan_name` ASC', [], false)
 4 APPPATH\Models\AdminModel.php(63): CodeIgniter\Database\BaseBuilder->get()
 5 APPPATH\Controllers\Admin.php(41): App\Models\AdminModel->getAllJabatan()
 6 APPPATH\Controllers\Admin.php(24): App\Controllers\Admin->dashboard()
 7 SYSTEMPATH\CodeIgniter.php(933): App\Controllers\Admin->index()
 8 SYSTEMPATH\CodeIgniter.php(507): CodeIgniter\CodeIgniter->runController(Object(App\Controllers\Admin))
 9 SYSTEMPATH\CodeIgniter.php(354): CodeIgniter\CodeIgniter->handleRequest(null, Object(Config\Cache), false)
10 SYSTEMPATH\Boot.php(363): CodeIgniter\CodeIgniter->run()
11 SYSTEMPATH\Boot.php(68): CodeIgniter\Boot::runCodeIgniter(Object(CodeIgniter\CodeIgniter))
12 FCPATH\index.php(59): CodeIgniter\Boot::bootWeb(Object(Config\Paths))
13 SYSTEMPATH\rewrite.php(44): require_once('C:\\Users\\RudieProject\\Desktop\\mrr-project\\public\\index.php')
CRITICAL - 2025-10-08 16:00:27 --> [Caused by] mysqli_sql_exception: Unknown column 'jabatan_name' in 'field list'
in SYSTEMPATH\Database\MySQLi\Connection.php on line 327.
 1 SYSTEMPATH\Database\MySQLi\Connection.php(327): mysqli->query('SELECT DISTINCT `jabatan_id`, `jabatan_name`
FROM `user_tbl`
ORDER BY `jabatan_name` ASC', 0)
 2 SYSTEMPATH\Database\BaseConnection.php(729): CodeIgniter\Database\MySQLi\Connection->execute('SELECT DISTINCT `jabatan_id`, `jabatan_name`
FROM `user_tbl`
ORDER BY `jabatan_name` ASC')
 3 SYSTEMPATH\Database\BaseConnection.php(646): CodeIgniter\Database\BaseConnection->simpleQuery('SELECT DISTINCT `jabatan_id`, `jabatan_name`
FROM `user_tbl`
ORDER BY `jabatan_name` ASC')
 4 SYSTEMPATH\Database\BaseBuilder.php(1649): CodeIgniter\Database\BaseConnection->query('SELECT DISTINCT `jabatan_id`, `jabatan_name`
FROM `user_tbl`
ORDER BY `jabatan_name` ASC', [], false)
 5 APPPATH\Models\AdminModel.php(63): CodeIgniter\Database\BaseBuilder->get()
 6 APPPATH\Controllers\Admin.php(41): App\Models\AdminModel->getAllJabatan()
 7 APPPATH\Controllers\Admin.php(24): App\Controllers\Admin->dashboard()
 8 SYSTEMPATH\CodeIgniter.php(933): App\Controllers\Admin->index()
 9 SYSTEMPATH\CodeIgniter.php(507): CodeIgniter\CodeIgniter->runController(Object(App\Controllers\Admin))
10 SYSTEMPATH\CodeIgniter.php(354): CodeIgniter\CodeIgniter->handleRequest(null, Object(Config\Cache), false)
11 SYSTEMPATH\Boot.php(363): CodeIgniter\CodeIgniter->run()
12 SYSTEMPATH\Boot.php(68): CodeIgniter\Boot::runCodeIgniter(Object(CodeIgniter\CodeIgniter))
13 FCPATH\index.php(59): CodeIgniter\Boot::bootWeb(Object(Config\Paths))
14 SYSTEMPATH\rewrite.php(44): require_once('C:\\Users\\RudieProject\\Desktop\\mrr-project\\public\\index.php')
DEBUG - 2025-10-08 16:00:35 --> Session: Class initialized using 'CodeIgniter\Session\Handlers\FileHandler' driver.
ERROR - 2025-10-08 16:00:35 --> mysqli_sql_exception: Unknown column 'jabatan_name' in 'field list' in C:\Users\RudieProject\Desktop\mrr-project\vendor\codeigniter4\framework\system\Database\MySQLi\Connection.php:327
Stack trace:
#0 C:\Users\RudieProject\Desktop\mrr-project\vendor\codeigniter4\framework\system\Database\MySQLi\Connection.php(327): mysqli->query('SELECT DISTINCT...', 0)
#1 C:\Users\RudieProject\Desktop\mrr-project\vendor\codeigniter4\framework\system\Database\BaseConnection.php(729): CodeIgniter\Database\MySQLi\Connection->execute('SELECT DISTINCT...')
#2 C:\Users\RudieProject\Desktop\mrr-project\vendor\codeigniter4\framework\system\Database\BaseConnection.php(646): CodeIgniter\Database\BaseConnection->simpleQuery('SELECT DISTINCT...')
#3 C:\Users\RudieProject\Desktop\mrr-project\vendor\codeigniter4\framework\system\Database\BaseBuilder.php(1649): CodeIgniter\Database\BaseConnection->query('SELECT DISTINCT...', Array, false)
#4 C:\Users\RudieProject\Desktop\mrr-project\app\Models\AdminModel.php(63): CodeIgniter\Database\BaseBuilder->get()
#5 C:\Users\RudieProject\Desktop\mrr-project\app\Controllers\Admin.php(41): App\Models\AdminModel->getAllJabatan()
#6 C:\Users\RudieProject\Desktop\mrr-project\app\Controllers\Admin.php(24): App\Controllers\Admin->dashboard()
#7 C:\Users\RudieProject\Desktop\mrr-project\vendor\codeigniter4\framework\system\CodeIgniter.php(933): App\Controllers\Admin->index()
#8 C:\Users\RudieProject\Desktop\mrr-project\vendor\codeigniter4\framework\system\CodeIgniter.php(507): CodeIgniter\CodeIgniter->runController(Object(App\Controllers\Admin))
#9 C:\Users\RudieProject\Desktop\mrr-project\vendor\codeigniter4\framework\system\CodeIgniter.php(354): CodeIgniter\CodeIgniter->handleRequest(NULL, Object(Config\Cache), false)
#10 C:\Users\RudieProject\Desktop\mrr-project\vendor\codeigniter4\framework\system\Boot.php(363): CodeIgniter\CodeIgniter->run()
#11 C:\Users\RudieProject\Desktop\mrr-project\vendor\codeigniter4\framework\system\Boot.php(68): CodeIgniter\Boot::runCodeIgniter(Object(CodeIgniter\CodeIgniter))
#12 C:\Users\RudieProject\Desktop\mrr-project\public\index.php(59): CodeIgniter\Boot::bootWeb(Object(Config\Paths))
#13 C:\Users\RudieProject\Desktop\mrr-project\vendor\codeigniter4\framework\system\rewrite.php(44): require_once('C:\\Users\\RudieP...')
#14 {main}
CRITICAL - 2025-10-08 16:00:35 --> CodeIgniter\Database\Exceptions\DatabaseException: Unknown column 'jabatan_name' in 'field list'
[Method: GET, Route: admin]
in SYSTEMPATH\Database\BaseConnection.php on line 684.
 1 SYSTEMPATH\Database\BaseBuilder.php(1649): CodeIgniter\Database\BaseConnection->query('SELECT DISTINCT `jabatan_id`, `jabatan_name`
FROM `user_tbl`
ORDER BY `jabatan_name` ASC', [], false)
 2 APPPATH\Models\AdminModel.php(63): CodeIgniter\Database\BaseBuilder->get()
 3 APPPATH\Controllers\Admin.php(41): App\Models\AdminModel->getAllJabatan()
 4 APPPATH\Controllers\Admin.php(24): App\Controllers\Admin->dashboard()
 5 SYSTEMPATH\CodeIgniter.php(933): App\Controllers\Admin->index()
 6 SYSTEMPATH\CodeIgniter.php(507): CodeIgniter\CodeIgniter->runController(Object(App\Controllers\Admin))
 7 SYSTEMPATH\CodeIgniter.php(354): CodeIgniter\CodeIgniter->handleRequest(null, Object(Config\Cache), false)
 8 SYSTEMPATH\Boot.php(363): CodeIgniter\CodeIgniter->run()
 9 SYSTEMPATH\Boot.php(68): CodeIgniter\Boot::runCodeIgniter(Object(CodeIgniter\CodeIgniter))
10 FCPATH\index.php(59): CodeIgniter\Boot::bootWeb(Object(Config\Paths))
11 SYSTEMPATH\rewrite.php(44): require_once('C:\\Users\\RudieProject\\Desktop\\mrr-project\\public\\index.php')
CRITICAL - 2025-10-08 16:00:35 --> [Caused by] CodeIgniter\Database\Exceptions\DatabaseException: Unknown column 'jabatan_name' in 'field list'
in SYSTEMPATH\Database\MySQLi\Connection.php on line 332.
 1 SYSTEMPATH\Database\BaseConnection.php(729): CodeIgniter\Database\MySQLi\Connection->execute('SELECT DISTINCT `jabatan_id`, `jabatan_name`
FROM `user_tbl`
ORDER BY `jabatan_name` ASC')
 2 SYSTEMPATH\Database\BaseConnection.php(646): CodeIgniter\Database\BaseConnection->simpleQuery('SELECT DISTINCT `jabatan_id`, `jabatan_name`
FROM `user_tbl`
ORDER BY `jabatan_name` ASC')
 3 SYSTEMPATH\Database\BaseBuilder.php(1649): CodeIgniter\Database\BaseConnection->query('SELECT DISTINCT `jabatan_id`, `jabatan_name`
FROM `user_tbl`
ORDER BY `jabatan_name` ASC', [], false)
 4 APPPATH\Models\AdminModel.php(63): CodeIgniter\Database\BaseBuilder->get()
 5 APPPATH\Controllers\Admin.php(41): App\Models\AdminModel->getAllJabatan()
 6 APPPATH\Controllers\Admin.php(24): App\Controllers\Admin->dashboard()
 7 SYSTEMPATH\CodeIgniter.php(933): App\Controllers\Admin->index()
 8 SYSTEMPATH\CodeIgniter.php(507): CodeIgniter\CodeIgniter->runController(Object(App\Controllers\Admin))
 9 SYSTEMPATH\CodeIgniter.php(354): CodeIgniter\CodeIgniter->handleRequest(null, Object(Config\Cache), false)
10 SYSTEMPATH\Boot.php(363): CodeIgniter\CodeIgniter->run()
11 SYSTEMPATH\Boot.php(68): CodeIgniter\Boot::runCodeIgniter(Object(CodeIgniter\CodeIgniter))
12 FCPATH\index.php(59): CodeIgniter\Boot::bootWeb(Object(Config\Paths))
13 SYSTEMPATH\rewrite.php(44): require_once('C:\\Users\\RudieProject\\Desktop\\mrr-project\\public\\index.php')
CRITICAL - 2025-10-08 16:00:35 --> [Caused by] mysqli_sql_exception: Unknown column 'jabatan_name' in 'field list'
in SYSTEMPATH\Database\MySQLi\Connection.php on line 327.
 1 SYSTEMPATH\Database\MySQLi\Connection.php(327): mysqli->query('SELECT DISTINCT `jabatan_id`, `jabatan_name`
FROM `user_tbl`
ORDER BY `jabatan_name` ASC', 0)
 2 SYSTEMPATH\Database\BaseConnection.php(729): CodeIgniter\Database\MySQLi\Connection->execute('SELECT DISTINCT `jabatan_id`, `jabatan_name`
FROM `user_tbl`
ORDER BY `jabatan_name` ASC')
 3 SYSTEMPATH\Database\BaseConnection.php(646): CodeIgniter\Database\BaseConnection->simpleQuery('SELECT DISTINCT `jabatan_id`, `jabatan_name`
FROM `user_tbl`
ORDER BY `jabatan_name` ASC')
 4 SYSTEMPATH\Database\BaseBuilder.php(1649): CodeIgniter\Database\BaseConnection->query('SELECT DISTINCT `jabatan_id`, `jabatan_name`
FROM `user_tbl`
ORDER BY `jabatan_name` ASC', [], false)
 5 APPPATH\Models\AdminModel.php(63): CodeIgniter\Database\BaseBuilder->get()
 6 APPPATH\Controllers\Admin.php(41): App\Models\AdminModel->getAllJabatan()
 7 APPPATH\Controllers\Admin.php(24): App\Controllers\Admin->dashboard()
 8 SYSTEMPATH\CodeIgniter.php(933): App\Controllers\Admin->index()
 9 SYSTEMPATH\CodeIgniter.php(507): CodeIgniter\CodeIgniter->runController(Object(App\Controllers\Admin))
10 SYSTEMPATH\CodeIgniter.php(354): CodeIgniter\CodeIgniter->handleRequest(null, Object(Config\Cache), false)
11 SYSTEMPATH\Boot.php(363): CodeIgniter\CodeIgniter->run()
12 SYSTEMPATH\Boot.php(68): CodeIgniter\Boot::runCodeIgniter(Object(CodeIgniter\CodeIgniter))
13 FCPATH\index.php(59): CodeIgniter\Boot::bootWeb(Object(Config\Paths))
14 SYSTEMPATH\rewrite.php(44): require_once('C:\\Users\\RudieProject\\Desktop\\mrr-project\\public\\index.php')
DEBUG - 2025-10-08 16:00:36 --> Session: Class initialized using 'CodeIgniter\Session\Handlers\FileHandler' driver.
ERROR - 2025-10-08 16:00:36 --> mysqli_sql_exception: Unknown column 'jabatan_name' in 'field list' in C:\Users\RudieProject\Desktop\mrr-project\vendor\codeigniter4\framework\system\Database\MySQLi\Connection.php:327
Stack trace:
#0 C:\Users\RudieProject\Desktop\mrr-project\vendor\codeigniter4\framework\system\Database\MySQLi\Connection.php(327): mysqli->query('SELECT DISTINCT...', 0)
#1 C:\Users\RudieProject\Desktop\mrr-project\vendor\codeigniter4\framework\system\Database\BaseConnection.php(729): CodeIgniter\Database\MySQLi\Connection->execute('SELECT DISTINCT...')
#2 C:\Users\RudieProject\Desktop\mrr-project\vendor\codeigniter4\framework\system\Database\BaseConnection.php(646): CodeIgniter\Database\BaseConnection->simpleQuery('SELECT DISTINCT...')
#3 C:\Users\RudieProject\Desktop\mrr-project\vendor\codeigniter4\framework\system\Database\BaseBuilder.php(1649): CodeIgniter\Database\BaseConnection->query('SELECT DISTINCT...', Array, false)
#4 C:\Users\RudieProject\Desktop\mrr-project\app\Models\AdminModel.php(63): CodeIgniter\Database\BaseBuilder->get()
#5 C:\Users\RudieProject\Desktop\mrr-project\app\Controllers\Admin.php(41): App\Models\AdminModel->getAllJabatan()
#6 C:\Users\RudieProject\Desktop\mrr-project\app\Controllers\Admin.php(24): App\Controllers\Admin->dashboard()
#7 C:\Users\RudieProject\Desktop\mrr-project\vendor\codeigniter4\framework\system\CodeIgniter.php(933): App\Controllers\Admin->index()
#8 C:\Users\RudieProject\Desktop\mrr-project\vendor\codeigniter4\framework\system\CodeIgniter.php(507): CodeIgniter\CodeIgniter->runController(Object(App\Controllers\Admin))
#9 C:\Users\RudieProject\Desktop\mrr-project\vendor\codeigniter4\framework\system\CodeIgniter.php(354): CodeIgniter\CodeIgniter->handleRequest(NULL, Object(Config\Cache), false)
#10 C:\Users\RudieProject\Desktop\mrr-project\vendor\codeigniter4\framework\system\Boot.php(363): CodeIgniter\CodeIgniter->run()
#11 C:\Users\RudieProject\Desktop\mrr-project\vendor\codeigniter4\framework\system\Boot.php(68): CodeIgniter\Boot::runCodeIgniter(Object(CodeIgniter\CodeIgniter))
#12 C:\Users\RudieProject\Desktop\mrr-project\public\index.php(59): CodeIgniter\Boot::bootWeb(Object(Config\Paths))
#13 C:\Users\RudieProject\Desktop\mrr-project\vendor\codeigniter4\framework\system\rewrite.php(44): require_once('C:\\Users\\RudieP...')
#14 {main}
CRITICAL - 2025-10-08 16:00:36 --> CodeIgniter\Database\Exceptions\DatabaseException: Unknown column 'jabatan_name' in 'field list'
[Method: GET, Route: admin]
in SYSTEMPATH\Database\BaseConnection.php on line 684.
 1 SYSTEMPATH\Database\BaseBuilder.php(1649): CodeIgniter\Database\BaseConnection->query('SELECT DISTINCT `jabatan_id`, `jabatan_name`
FROM `user_tbl`
ORDER BY `jabatan_name` ASC', [], false)
 2 APPPATH\Models\AdminModel.php(63): CodeIgniter\Database\BaseBuilder->get()
 3 APPPATH\Controllers\Admin.php(41): App\Models\AdminModel->getAllJabatan()
 4 APPPATH\Controllers\Admin.php(24): App\Controllers\Admin->dashboard()
 5 SYSTEMPATH\CodeIgniter.php(933): App\Controllers\Admin->index()
 6 SYSTEMPATH\CodeIgniter.php(507): CodeIgniter\CodeIgniter->runController(Object(App\Controllers\Admin))
 7 SYSTEMPATH\CodeIgniter.php(354): CodeIgniter\CodeIgniter->handleRequest(null, Object(Config\Cache), false)
 8 SYSTEMPATH\Boot.php(363): CodeIgniter\CodeIgniter->run()
 9 SYSTEMPATH\Boot.php(68): CodeIgniter\Boot::runCodeIgniter(Object(CodeIgniter\CodeIgniter))
10 FCPATH\index.php(59): CodeIgniter\Boot::bootWeb(Object(Config\Paths))
11 SYSTEMPATH\rewrite.php(44): require_once('C:\\Users\\RudieProject\\Desktop\\mrr-project\\public\\index.php')
CRITICAL - 2025-10-08 16:00:36 --> [Caused by] CodeIgniter\Database\Exceptions\DatabaseException: Unknown column 'jabatan_name' in 'field list'
in SYSTEMPATH\Database\MySQLi\Connection.php on line 332.
 1 SYSTEMPATH\Database\BaseConnection.php(729): CodeIgniter\Database\MySQLi\Connection->execute('SELECT DISTINCT `jabatan_id`, `jabatan_name`
FROM `user_tbl`
ORDER BY `jabatan_name` ASC')
 2 SYSTEMPATH\Database\BaseConnection.php(646): CodeIgniter\Database\BaseConnection->simpleQuery('SELECT DISTINCT `jabatan_id`, `jabatan_name`
FROM `user_tbl`
ORDER BY `jabatan_name` ASC')
 3 SYSTEMPATH\Database\BaseBuilder.php(1649): CodeIgniter\Database\BaseConnection->query('SELECT DISTINCT `jabatan_id`, `jabatan_name`
FROM `user_tbl`
ORDER BY `jabatan_name` ASC', [], false)
 4 APPPATH\Models\AdminModel.php(63): CodeIgniter\Database\BaseBuilder->get()
 5 APPPATH\Controllers\Admin.php(41): App\Models\AdminModel->getAllJabatan()
 6 APPPATH\Controllers\Admin.php(24): App\Controllers\Admin->dashboard()
 7 SYSTEMPATH\CodeIgniter.php(933): App\Controllers\Admin->index()
 8 SYSTEMPATH\CodeIgniter.php(507): CodeIgniter\CodeIgniter->runController(Object(App\Controllers\Admin))
 9 SYSTEMPATH\CodeIgniter.php(354): CodeIgniter\CodeIgniter->handleRequest(null, Object(Config\Cache), false)
10 SYSTEMPATH\Boot.php(363): CodeIgniter\CodeIgniter->run()
11 SYSTEMPATH\Boot.php(68): CodeIgniter\Boot::runCodeIgniter(Object(CodeIgniter\CodeIgniter))
12 FCPATH\index.php(59): CodeIgniter\Boot::bootWeb(Object(Config\Paths))
13 SYSTEMPATH\rewrite.php(44): require_once('C:\\Users\\RudieProject\\Desktop\\mrr-project\\public\\index.php')
CRITICAL - 2025-10-08 16:00:36 --> [Caused by] mysqli_sql_exception: Unknown column 'jabatan_name' in 'field list'
in SYSTEMPATH\Database\MySQLi\Connection.php on line 327.
 1 SYSTEMPATH\Database\MySQLi\Connection.php(327): mysqli->query('SELECT DISTINCT `jabatan_id`, `jabatan_name`
FROM `user_tbl`
ORDER BY `jabatan_name` ASC', 0)
 2 SYSTEMPATH\Database\BaseConnection.php(729): CodeIgniter\Database\MySQLi\Connection->execute('SELECT DISTINCT `jabatan_id`, `jabatan_name`
FROM `user_tbl`
ORDER BY `jabatan_name` ASC')
 3 SYSTEMPATH\Database\BaseConnection.php(646): CodeIgniter\Database\BaseConnection->simpleQuery('SELECT DISTINCT `jabatan_id`, `jabatan_name`
FROM `user_tbl`
ORDER BY `jabatan_name` ASC')
 4 SYSTEMPATH\Database\BaseBuilder.php(1649): CodeIgniter\Database\BaseConnection->query('SELECT DISTINCT `jabatan_id`, `jabatan_name`
FROM `user_tbl`
ORDER BY `jabatan_name` ASC', [], false)
 5 APPPATH\Models\AdminModel.php(63): CodeIgniter\Database\BaseBuilder->get()
 6 APPPATH\Controllers\Admin.php(41): App\Models\AdminModel->getAllJabatan()
 7 APPPATH\Controllers\Admin.php(24): App\Controllers\Admin->dashboard()
 8 SYSTEMPATH\CodeIgniter.php(933): App\Controllers\Admin->index()
 9 SYSTEMPATH\CodeIgniter.php(507): CodeIgniter\CodeIgniter->runController(Object(App\Controllers\Admin))
10 SYSTEMPATH\CodeIgniter.php(354): CodeIgniter\CodeIgniter->handleRequest(null, Object(Config\Cache), false)
11 SYSTEMPATH\Boot.php(363): CodeIgniter\CodeIgniter->run()
12 SYSTEMPATH\Boot.php(68): CodeIgniter\Boot::runCodeIgniter(Object(CodeIgniter\CodeIgniter))
13 FCPATH\index.php(59): CodeIgniter\Boot::bootWeb(Object(Config\Paths))
14 SYSTEMPATH\rewrite.php(44): require_once('C:\\Users\\RudieProject\\Desktop\\mrr-project\\public\\index.php')
DEBUG - 2025-10-08 16:00:37 --> Session: Class initialized using 'CodeIgniter\Session\Handlers\FileHandler' driver.
ERROR - 2025-10-08 16:00:37 --> mysqli_sql_exception: Unknown column 'jabatan_name' in 'field list' in C:\Users\RudieProject\Desktop\mrr-project\vendor\codeigniter4\framework\system\Database\MySQLi\Connection.php:327
Stack trace:
#0 C:\Users\RudieProject\Desktop\mrr-project\vendor\codeigniter4\framework\system\Database\MySQLi\Connection.php(327): mysqli->query('SELECT DISTINCT...', 0)
#1 C:\Users\RudieProject\Desktop\mrr-project\vendor\codeigniter4\framework\system\Database\BaseConnection.php(729): CodeIgniter\Database\MySQLi\Connection->execute('SELECT DISTINCT...')
#2 C:\Users\RudieProject\Desktop\mrr-project\vendor\codeigniter4\framework\system\Database\BaseConnection.php(646): CodeIgniter\Database\BaseConnection->simpleQuery('SELECT DISTINCT...')
#3 C:\Users\RudieProject\Desktop\mrr-project\vendor\codeigniter4\framework\system\Database\BaseBuilder.php(1649): CodeIgniter\Database\BaseConnection->query('SELECT DISTINCT...', Array, false)
#4 C:\Users\RudieProject\Desktop\mrr-project\app\Models\AdminModel.php(63): CodeIgniter\Database\BaseBuilder->get()
#5 C:\Users\RudieProject\Desktop\mrr-project\app\Controllers\Admin.php(41): App\Models\AdminModel->getAllJabatan()
#6 C:\Users\RudieProject\Desktop\mrr-project\app\Controllers\Admin.php(24): App\Controllers\Admin->dashboard()
#7 C:\Users\RudieProject\Desktop\mrr-project\vendor\codeigniter4\framework\system\CodeIgniter.php(933): App\Controllers\Admin->index()
#8 C:\Users\RudieProject\Desktop\mrr-project\vendor\codeigniter4\framework\system\CodeIgniter.php(507): CodeIgniter\CodeIgniter->runController(Object(App\Controllers\Admin))
#9 C:\Users\RudieProject\Desktop\mrr-project\vendor\codeigniter4\framework\system\CodeIgniter.php(354): CodeIgniter\CodeIgniter->handleRequest(NULL, Object(Config\Cache), false)
#10 C:\Users\RudieProject\Desktop\mrr-project\vendor\codeigniter4\framework\system\Boot.php(363): CodeIgniter\CodeIgniter->run()
#11 C:\Users\RudieProject\Desktop\mrr-project\vendor\codeigniter4\framework\system\Boot.php(68): CodeIgniter\Boot::runCodeIgniter(Object(CodeIgniter\CodeIgniter))
#12 C:\Users\RudieProject\Desktop\mrr-project\public\index.php(59): CodeIgniter\Boot::bootWeb(Object(Config\Paths))
#13 C:\Users\RudieProject\Desktop\mrr-project\vendor\codeigniter4\framework\system\rewrite.php(44): require_once('C:\\Users\\RudieP...')
#14 {main}
CRITICAL - 2025-10-08 16:00:37 --> CodeIgniter\Database\Exceptions\DatabaseException: Unknown column 'jabatan_name' in 'field list'
[Method: GET, Route: admin]
in SYSTEMPATH\Database\BaseConnection.php on line 684.
 1 SYSTEMPATH\Database\BaseBuilder.php(1649): CodeIgniter\Database\BaseConnection->query('SELECT DISTINCT `jabatan_id`, `jabatan_name`
FROM `user_tbl`
ORDER BY `jabatan_name` ASC', [], false)
 2 APPPATH\Models\AdminModel.php(63): CodeIgniter\Database\BaseBuilder->get()
 3 APPPATH\Controllers\Admin.php(41): App\Models\AdminModel->getAllJabatan()
 4 APPPATH\Controllers\Admin.php(24): App\Controllers\Admin->dashboard()
 5 SYSTEMPATH\CodeIgniter.php(933): App\Controllers\Admin->index()
 6 SYSTEMPATH\CodeIgniter.php(507): CodeIgniter\CodeIgniter->runController(Object(App\Controllers\Admin))
 7 SYSTEMPATH\CodeIgniter.php(354): CodeIgniter\CodeIgniter->handleRequest(null, Object(Config\Cache), false)
 8 SYSTEMPATH\Boot.php(363): CodeIgniter\CodeIgniter->run()
 9 SYSTEMPATH\Boot.php(68): CodeIgniter\Boot::runCodeIgniter(Object(CodeIgniter\CodeIgniter))
10 FCPATH\index.php(59): CodeIgniter\Boot::bootWeb(Object(Config\Paths))
11 SYSTEMPATH\rewrite.php(44): require_once('C:\\Users\\RudieProject\\Desktop\\mrr-project\\public\\index.php')
CRITICAL - 2025-10-08 16:00:37 --> [Caused by] CodeIgniter\Database\Exceptions\DatabaseException: Unknown column 'jabatan_name' in 'field list'
in SYSTEMPATH\Database\MySQLi\Connection.php on line 332.
 1 SYSTEMPATH\Database\BaseConnection.php(729): CodeIgniter\Database\MySQLi\Connection->execute('SELECT DISTINCT `jabatan_id`, `jabatan_name`
FROM `user_tbl`
ORDER BY `jabatan_name` ASC')
 2 SYSTEMPATH\Database\BaseConnection.php(646): CodeIgniter\Database\BaseConnection->simpleQuery('SELECT DISTINCT `jabatan_id`, `jabatan_name`
FROM `user_tbl`
ORDER BY `jabatan_name` ASC')
 3 SYSTEMPATH\Database\BaseBuilder.php(1649): CodeIgniter\Database\BaseConnection->query('SELECT DISTINCT `jabatan_id`, `jabatan_name`
FROM `user_tbl`
ORDER BY `jabatan_name` ASC', [], false)
 4 APPPATH\Models\AdminModel.php(63): CodeIgniter\Database\BaseBuilder->get()
 5 APPPATH\Controllers\Admin.php(41): App\Models\AdminModel->getAllJabatan()
 6 APPPATH\Controllers\Admin.php(24): App\Controllers\Admin->dashboard()
 7 SYSTEMPATH\CodeIgniter.php(933): App\Controllers\Admin->index()
 8 SYSTEMPATH\CodeIgniter.php(507): CodeIgniter\CodeIgniter->runController(Object(App\Controllers\Admin))
 9 SYSTEMPATH\CodeIgniter.php(354): CodeIgniter\CodeIgniter->handleRequest(null, Object(Config\Cache), false)
10 SYSTEMPATH\Boot.php(363): CodeIgniter\CodeIgniter->run()
11 SYSTEMPATH\Boot.php(68): CodeIgniter\Boot::runCodeIgniter(Object(CodeIgniter\CodeIgniter))
12 FCPATH\index.php(59): CodeIgniter\Boot::bootWeb(Object(Config\Paths))
13 SYSTEMPATH\rewrite.php(44): require_once('C:\\Users\\RudieProject\\Desktop\\mrr-project\\public\\index.php')
CRITICAL - 2025-10-08 16:00:37 --> [Caused by] mysqli_sql_exception: Unknown column 'jabatan_name' in 'field list'
in SYSTEMPATH\Database\MySQLi\Connection.php on line 327.
 1 SYSTEMPATH\Database\MySQLi\Connection.php(327): mysqli->query('SELECT DISTINCT `jabatan_id`, `jabatan_name`
FROM `user_tbl`
ORDER BY `jabatan_name` ASC', 0)
 2 SYSTEMPATH\Database\BaseConnection.php(729): CodeIgniter\Database\MySQLi\Connection->execute('SELECT DISTINCT `jabatan_id`, `jabatan_name`
FROM `user_tbl`
ORDER BY `jabatan_name` ASC')
 3 SYSTEMPATH\Database\BaseConnection.php(646): CodeIgniter\Database\BaseConnection->simpleQuery('SELECT DISTINCT `jabatan_id`, `jabatan_name`
FROM `user_tbl`
ORDER BY `jabatan_name` ASC')
 4 SYSTEMPATH\Database\BaseBuilder.php(1649): CodeIgniter\Database\BaseConnection->query('SELECT DISTINCT `jabatan_id`, `jabatan_name`
FROM `user_tbl`
ORDER BY `jabatan_name` ASC', [], false)
 5 APPPATH\Models\AdminModel.php(63): CodeIgniter\Database\BaseBuilder->get()
 6 APPPATH\Controllers\Admin.php(41): App\Models\AdminModel->getAllJabatan()
 7 APPPATH\Controllers\Admin.php(24): App\Controllers\Admin->dashboard()
 8 SYSTEMPATH\CodeIgniter.php(933): App\Controllers\Admin->index()
 9 SYSTEMPATH\CodeIgniter.php(507): CodeIgniter\CodeIgniter->runController(Object(App\Controllers\Admin))
10 SYSTEMPATH\CodeIgniter.php(354): CodeIgniter\CodeIgniter->handleRequest(null, Object(Config\Cache), false)
11 SYSTEMPATH\Boot.php(363): CodeIgniter\CodeIgniter->run()
12 SYSTEMPATH\Boot.php(68): CodeIgniter\Boot::runCodeIgniter(Object(CodeIgniter\CodeIgniter))
13 FCPATH\index.php(59): CodeIgniter\Boot::bootWeb(Object(Config\Paths))
14 SYSTEMPATH\rewrite.php(44): require_once('C:\\Users\\RudieProject\\Desktop\\mrr-project\\public\\index.php')
DEBUG - 2025-10-08 16:02:44 --> Session: Class initialized using 'CodeIgniter\Session\Handlers\FileHandler' driver.
DEBUG - 2025-10-08 16:02:44 --> Session: Class initialized using 'CodeIgniter\Session\Handlers\FileHandler' driver.
DEBUG - 2025-10-08 16:03:32 --> Session: Class initialized using 'CodeIgniter\Session\Handlers\FileHandler' driver.
DEBUG - 2025-10-08 16:03:32 --> Session: Class initialized using 'CodeIgniter\Session\Handlers\FileHandler' driver.
DEBUG - 2025-10-08 16:05:06 --> Session: Class initialized using 'CodeIgniter\Session\Handlers\FileHandler' driver.
DEBUG - 2025-10-08 16:05:06 --> Session: Class initialized using 'CodeIgniter\Session\Handlers\FileHandler' driver.
DEBUG - 2025-10-08 16:05:12 --> Session: Class initialized using 'CodeIgniter\Session\Handlers\FileHandler' driver.
DEBUG - 2025-10-08 16:05:14 --> Session: Class initialized using 'CodeIgniter\Session\Handlers\FileHandler' driver.
DEBUG - 2025-10-08 16:05:15 --> Session: Class initialized using 'CodeIgniter\Session\Handlers\FileHandler' driver.
DEBUG - 2025-10-08 16:05:16 --> Session: Class initialized using 'CodeIgniter\Session\Handlers\FileHandler' driver.
DEBUG - 2025-10-08 16:05:17 --> Session: Class initialized using 'CodeIgniter\Session\Handlers\FileHandler' driver.
DEBUG - 2025-10-08 16:05:18 --> Session: Class initialized using 'CodeIgniter\Session\Handlers\FileHandler' driver.
DEBUG - 2025-10-08 16:05:21 --> Session: Class initialized using 'CodeIgniter\Session\Handlers\FileHandler' driver.
DEBUG - 2025-10-08 16:05:21 --> Session: Class initialized using 'CodeIgniter\Session\Handlers\FileHandler' driver.
DEBUG - 2025-10-08 16:05:29 --> Session: Class initialized using 'CodeIgniter\Session\Handlers\FileHandler' driver.
DEBUG - 2025-10-08 16:05:29 --> Session: Class initialized using 'CodeIgniter\Session\Handlers\FileHandler' driver.
DEBUG - 2025-10-08 16:06:04 --> Session: Class initialized using 'CodeIgniter\Session\Handlers\FileHandler' driver.
DEBUG - 2025-10-08 16:06:20 --> Session: Class initialized using 'CodeIgniter\Session\Handlers\FileHandler' driver.
DEBUG - 2025-10-08 16:06:21 --> Session: Class initialized using 'CodeIgniter\Session\Handlers\FileHandler' driver.
DEBUG - 2025-10-08 16:06:28 --> Session: Class initialized using 'CodeIgniter\Session\Handlers\FileHandler' driver.
DEBUG - 2025-10-08 16:06:28 --> Session: Class initialized using 'CodeIgniter\Session\Handlers\FileHandler' driver.
DEBUG - 2025-10-08 16:06:52 --> Session: Class initialized using 'CodeIgniter\Session\Handlers\FileHandler' driver.
DEBUG - 2025-10-08 16:06:52 --> Session: Class initialized using 'CodeIgniter\Session\Handlers\FileHandler' driver.
WARNING - 2025-10-08 16:06:52 --> [DEPRECATED] htmlspecialchars(): Passing null to parameter #1 ($string) of type string is deprecated in APPPATH\Views\dashboard\index.php on line 39.
 1 APPPATH\Views\dashboard\index.php(39): htmlspecialchars(null)
 2 SYSTEMPATH\View\View.php(226): include('C:\\Users\\RudieProject\\Desktop\\mrr-project\\app\\Views\\dashboard\\index.php')
 3 SYSTEMPATH\View\View.php(229): CodeIgniter\View\View->CodeIgniter\View\{closure}()
 4 SYSTEMPATH\Common.php(1167): CodeIgniter\View\View->render('dashboard/index', [], true)
 5 APPPATH\Controllers\Dashboard.php(38): view('dashboard/index', [...])
 6 APPPATH\Controllers\Dashboard.php(24): App\Controllers\Dashboard->dashboard()
 7 SYSTEMPATH\CodeIgniter.php(933): App\Controllers\Dashboard->index()
 8 SYSTEMPATH\CodeIgniter.php(507): CodeIgniter\CodeIgniter->runController(Object(App\Controllers\Dashboard))
 9 SYSTEMPATH\CodeIgniter.php(354): CodeIgniter\CodeIgniter->handleRequest(null, Object(Config\Cache), false)
10 SYSTEMPATH\Boot.php(363): CodeIgniter\CodeIgniter->run()
11 SYSTEMPATH\Boot.php(68): CodeIgniter\Boot::runCodeIgniter(Object(CodeIgniter\CodeIgniter))
12 FCPATH\index.php(59): CodeIgniter\Boot::bootWeb(Object(Config\Paths))
13 SYSTEMPATH\rewrite.php(44): require_once('C:\\Users\\RudieProject\\Desktop\\mrr-project\\public\\index.php')
DEBUG - 2025-10-08 16:06:54 --> Session: Class initialized using 'CodeIgniter\Session\Handlers\FileHandler' driver.
DEBUG - 2025-10-08 16:07:00 --> Session: Class initialized using 'CodeIgniter\Session\Handlers\FileHandler' driver.
DEBUG - 2025-10-08 16:07:00 --> Session: Class initialized using 'CodeIgniter\Session\Handlers\FileHandler' driver.
DEBUG - 2025-10-08 16:07:53 --> Session: Class initialized using 'CodeIgniter\Session\Handlers\FileHandler' driver.
DEBUG - 2025-10-08 16:07:53 --> Session: Class initialized using 'CodeIgniter\Session\Handlers\FileHandler' driver.
WARNING - 2025-10-08 16:07:53 --> [DEPRECATED] htmlspecialchars(): Passing null to parameter #1 ($string) of type string is deprecated in APPPATH\Views\dashboard\index.php on line 39.
 1 APPPATH\Views\dashboard\index.php(39): htmlspecialchars(null)
 2 SYSTEMPATH\View\View.php(226): include('C:\\Users\\RudieProject\\Desktop\\mrr-project\\app\\Views\\dashboard\\index.php')
 3 SYSTEMPATH\View\View.php(229): CodeIgniter\View\View->CodeIgniter\View\{closure}()
 4 SYSTEMPATH\Common.php(1167): CodeIgniter\View\View->render('dashboard/index', [], true)
 5 APPPATH\Controllers\Dashboard.php(38): view('dashboard/index', [...])
 6 APPPATH\Controllers\Dashboard.php(24): App\Controllers\Dashboard->dashboard()
 7 SYSTEMPATH\CodeIgniter.php(933): App\Controllers\Dashboard->index()
 8 SYSTEMPATH\CodeIgniter.php(507): CodeIgniter\CodeIgniter->runController(Object(App\Controllers\Dashboard))
 9 SYSTEMPATH\CodeIgniter.php(354): CodeIgniter\CodeIgniter->handleRequest(null, Object(Config\Cache), false)
10 SYSTEMPATH\Boot.php(363): CodeIgniter\CodeIgniter->run()
11 SYSTEMPATH\Boot.php(68): CodeIgniter\Boot::runCodeIgniter(Object(CodeIgniter\CodeIgniter))
12 FCPATH\index.php(59): CodeIgniter\Boot::bootWeb(Object(Config\Paths))
13 SYSTEMPATH\rewrite.php(44): require_once('C:\\Users\\RudieProject\\Desktop\\mrr-project\\public\\index.php')
DEBUG - 2025-10-08 16:07:55 --> Session: Class initialized using 'CodeIgniter\Session\Handlers\FileHandler' driver.
DEBUG - 2025-10-08 16:08:01 --> Session: Class initialized using 'CodeIgniter\Session\Handlers\FileHandler' driver.
DEBUG - 2025-10-08 16:15:38 --> Session: Class initialized using 'CodeIgniter\Session\Handlers\FileHandler' driver.
DEBUG - 2025-10-08 16:15:39 --> Session: Class initialized using 'CodeIgniter\Session\Handlers\FileHandler' driver.
DEBUG - 2025-10-08 16:15:42 --> Session: Class initialized using 'CodeIgniter\Session\Handlers\FileHandler' driver.
WARNING - 2025-10-08 16:15:42 --> [DEPRECATED] htmlspecialchars(): Passing null to parameter #1 ($string) of type string is deprecated in APPPATH\Views\dashboard\index.php on line 39.
 1 APPPATH\Views\dashboard\index.php(39): htmlspecialchars(null)
 2 SYSTEMPATH\View\View.php(226): include('C:\\Users\\RudieProject\\Desktop\\mrr-project\\app\\Views\\dashboard\\index.php')
 3 SYSTEMPATH\View\View.php(229): CodeIgniter\View\View->CodeIgniter\View\{closure}()
 4 SYSTEMPATH\Common.php(1167): CodeIgniter\View\View->render('dashboard/index', [], true)
 5 APPPATH\Controllers\Dashboard.php(38): view('dashboard/index', [...])
 6 APPPATH\Controllers\Dashboard.php(24): App\Controllers\Dashboard->dashboard()
 7 SYSTEMPATH\CodeIgniter.php(933): App\Controllers\Dashboard->index()
 8 SYSTEMPATH\CodeIgniter.php(507): CodeIgniter\CodeIgniter->runController(Object(App\Controllers\Dashboard))
 9 SYSTEMPATH\CodeIgniter.php(354): CodeIgniter\CodeIgniter->handleRequest(null, Object(Config\Cache), false)
10 SYSTEMPATH\Boot.php(363): CodeIgniter\CodeIgniter->run()
11 SYSTEMPATH\Boot.php(68): CodeIgniter\Boot::runCodeIgniter(Object(CodeIgniter\CodeIgniter))
12 FCPATH\index.php(59): CodeIgniter\Boot::bootWeb(Object(Config\Paths))
13 SYSTEMPATH\rewrite.php(44): require_once('C:\\Users\\RudieProject\\Desktop\\mrr-project\\public\\index.php')
CRITICAL - 2025-10-08 16:15:42 --> ErrorException: Undefined array key "booking_id"
[Method: GET, Route: dashboard]
in APPPATH\Views\dashboard\index.php on line 73.
 1 APPPATH\Views\dashboard\index.php(73): CodeIgniter\Debug\Exceptions->errorHandler(2, 'Undefined array key "booking_id"', 'C:\\Users\\RudieProject\\Desktop\\mrr-project\\app\\Views\\dashboard\\index.php', 73)
 2 SYSTEMPATH\View\View.php(226): include('C:\\Users\\RudieProject\\Desktop\\mrr-project\\app\\Views\\dashboard\\index.php')
 3 SYSTEMPATH\View\View.php(229): CodeIgniter\View\View->CodeIgniter\View\{closure}()
 4 SYSTEMPATH\Common.php(1167): CodeIgniter\View\View->render('dashboard/index', [], true)
 5 APPPATH\Controllers\Dashboard.php(38): view('dashboard/index', [...])
 6 APPPATH\Controllers\Dashboard.php(24): App\Controllers\Dashboard->dashboard()
 7 SYSTEMPATH\CodeIgniter.php(933): App\Controllers\Dashboard->index()
 8 SYSTEMPATH\CodeIgniter.php(507): CodeIgniter\CodeIgniter->runController(Object(App\Controllers\Dashboard))
 9 SYSTEMPATH\CodeIgniter.php(354): CodeIgniter\CodeIgniter->handleRequest(null, Object(Config\Cache), false)
10 SYSTEMPATH\Boot.php(363): CodeIgniter\CodeIgniter->run()
11 SYSTEMPATH\Boot.php(68): CodeIgniter\Boot::runCodeIgniter(Object(CodeIgniter\CodeIgniter))
12 FCPATH\index.php(59): CodeIgniter\Boot::bootWeb(Object(Config\Paths))
13 SYSTEMPATH\rewrite.php(44): require_once('C:\\Users\\RudieProject\\Desktop\\mrr-project\\public\\index.php')
DEBUG - 2025-10-08 16:28:34 --> Session: Class initialized using 'CodeIgniter\Session\Handlers\FileHandler' driver.
DEBUG - 2025-10-08 16:28:51 --> Session: Class initialized using 'CodeIgniter\Session\Handlers\FileHandler' driver.
CRITICAL - 2025-10-08 16:28:51 --> ErrorException: Undefined array key "booking_Id"
[Method: GET, Route: dashboard/mailbox]
in APPPATH\Views\dashboard\mailbox.php on line 58.
 1 APPPATH\Views\dashboard\mailbox.php(58): CodeIgniter\Debug\Exceptions->errorHandler(2, 'Undefined array key "booking_Id"', 'C:\\Users\\RudieProject\\Desktop\\mrr-project\\app\\Views\\dashboard\\mailbox.php', 58)
 2 SYSTEMPATH\View\View.php(226): include('C:\\Users\\RudieProject\\Desktop\\mrr-project\\app\\Views\\dashboard\\mailbox.php')
 3 SYSTEMPATH\View\View.php(229): CodeIgniter\View\View->CodeIgniter\View\{closure}()
 4 SYSTEMPATH\Common.php(1167): CodeIgniter\View\View->render('dashboard/mailbox', [], true)
 5 APPPATH\Controllers\Dashboard.php(53): view('dashboard/mailbox', [...])
 6 SYSTEMPATH\CodeIgniter.php(933): App\Controllers\Dashboard->mailbox()
 7 SYSTEMPATH\CodeIgniter.php(507): CodeIgniter\CodeIgniter->runController(Object(App\Controllers\Dashboard))
 8 SYSTEMPATH\CodeIgniter.php(354): CodeIgniter\CodeIgniter->handleRequest(null, Object(Config\Cache), false)
 9 SYSTEMPATH\Boot.php(363): CodeIgniter\CodeIgniter->run()
10 SYSTEMPATH\Boot.php(68): CodeIgniter\Boot::runCodeIgniter(Object(CodeIgniter\CodeIgniter))
11 FCPATH\index.php(59): CodeIgniter\Boot::bootWeb(Object(Config\Paths))
12 SYSTEMPATH\rewrite.php(44): require_once('C:\\Users\\RudieProject\\Desktop\\mrr-project\\public\\index.php')
DEBUG - 2025-10-08 16:32:15 --> Session: Class initialized using 'CodeIgniter\Session\Handlers\FileHandler' driver.
CRITICAL - 2025-10-08 16:32:16 --> ErrorException: Undefined array key "current_date"
[Method: GET, Route: admin]
in APPPATH\Views\admin\dashboard.php on line 80.
 1 APPPATH\Views\admin\dashboard.php(80): CodeIgniter\Debug\Exceptions->errorHandler(2, 'Undefined array key "current_date"', 'C:\\Users\\RudieProject\\Desktop\\mrr-project\\app\\Views\\admin\\dashboard.php', 80)
 2 SYSTEMPATH\View\View.php(226): include('C:\\Users\\RudieProject\\Desktop\\mrr-project\\app\\Views\\admin\\dashboard.php')
 3 SYSTEMPATH\View\View.php(229): CodeIgniter\View\View->CodeIgniter\View\{closure}()
 4 SYSTEMPATH\Common.php(1167): CodeIgniter\View\View->render('admin/dashboard', [], true)
 5 APPPATH\Controllers\Admin.php(47): view('admin/dashboard', [...])
 6 APPPATH\Controllers\Admin.php(24): App\Controllers\Admin->dashboard()
 7 SYSTEMPATH\CodeIgniter.php(933): App\Controllers\Admin->index()
 8 SYSTEMPATH\CodeIgniter.php(507): CodeIgniter\CodeIgniter->runController(Object(App\Controllers\Admin))
 9 SYSTEMPATH\CodeIgniter.php(354): CodeIgniter\CodeIgniter->handleRequest(null, Object(Config\Cache), false)
10 SYSTEMPATH\Boot.php(363): CodeIgniter\CodeIgniter->run()
11 SYSTEMPATH\Boot.php(68): CodeIgniter\Boot::runCodeIgniter(Object(CodeIgniter\CodeIgniter))
12 FCPATH\index.php(59): CodeIgniter\Boot::bootWeb(Object(Config\Paths))
13 SYSTEMPATH\rewrite.php(44): require_once('C:\\Users\\RudieProject\\Desktop\\mrr-project\\public\\index.php')
DEBUG - 2025-10-08 16:37:01 --> Session: Class initialized using 'CodeIgniter\Session\Handlers\FileHandler' driver.
DEBUG - 2025-10-08 16:37:18 --> Session: Class initialized using 'CodeIgniter\Session\Handlers\FileHandler' driver.
DEBUG - 2025-10-08 16:37:20 --> Session: Class initialized using 'CodeIgniter\Session\Handlers\FileHandler' driver.
DEBUG - 2025-10-08 16:37:27 --> Session: Class initialized using 'CodeIgniter\Session\Handlers\FileHandler' driver.
DEBUG - 2025-10-08 16:37:28 --> Session: Class initialized using 'CodeIgniter\Session\Handlers\FileHandler' driver.
DEBUG - 2025-10-08 16:49:56 --> Session: Class initialized using 'CodeIgniter\Session\Handlers\FileHandler' driver.
DEBUG - 2025-10-08 16:51:59 --> Session: Class initialized using 'CodeIgniter\Session\Handlers\FileHandler' driver.
DEBUG - 2025-10-08 16:54:06 --> Session: Class initialized using 'CodeIgniter\Session\Handlers\FileHandler' driver.
DEBUG - 2025-10-08 16:54:07 --> Session: Class initialized using 'CodeIgniter\Session\Handlers\FileHandler' driver.
CRITICAL - 2025-10-08 16:54:07 --> ErrorException: Undefined array key "current_date"
[Method: GET, Route: admin]
in APPPATH\Views\admin\dashboard.php on line 80.
 1 APPPATH\Views\admin\dashboard.php(80): CodeIgniter\Debug\Exceptions->errorHandler(2, 'Undefined array key "current_date"', 'C:\\Users\\RudieProject\\Desktop\\mrr-project\\app\\Views\\admin\\dashboard.php', 80)
 2 SYSTEMPATH\View\View.php(226): include('C:\\Users\\RudieProject\\Desktop\\mrr-project\\app\\Views\\admin\\dashboard.php')
 3 SYSTEMPATH\View\View.php(229): CodeIgniter\View\View->CodeIgniter\View\{closure}()
 4 SYSTEMPATH\Common.php(1167): CodeIgniter\View\View->render('admin/dashboard', [], true)
 5 APPPATH\Controllers\Admin.php(47): view('admin/dashboard', [...])
 6 APPPATH\Controllers\Admin.php(24): App\Controllers\Admin->dashboard()
 7 SYSTEMPATH\CodeIgniter.php(933): App\Controllers\Admin->index()
 8 SYSTEMPATH\CodeIgniter.php(507): CodeIgniter\CodeIgniter->runController(Object(App\Controllers\Admin))
 9 SYSTEMPATH\CodeIgniter.php(354): CodeIgniter\CodeIgniter->handleRequest(null, Object(Config\Cache), false)
10 SYSTEMPATH\Boot.php(363): CodeIgniter\CodeIgniter->run()
11 SYSTEMPATH\Boot.php(68): CodeIgniter\Boot::runCodeIgniter(Object(CodeIgniter\CodeIgniter))
12 FCPATH\index.php(59): CodeIgniter\Boot::bootWeb(Object(Config\Paths))
13 SYSTEMPATH\rewrite.php(44): require_once('C:\\Users\\RudieProject\\Desktop\\mrr-project\\public\\index.php')
DEBUG - 2025-10-08 17:02:32 --> Session: Class initialized using 'CodeIgniter\Session\Handlers\FileHandler' driver.
DEBUG - 2025-10-08 17:02:44 --> Session: Class initialized using 'CodeIgniter\Session\Handlers\FileHandler' driver.
ERROR - 2025-10-08 17:02:45 --> mysqli_sql_exception: Unknown column 'j.jabatan_name' in 'field list' in C:\Users\RudieProject\Desktop\mrr-project\vendor\codeigniter4\framework\system\Database\MySQLi\Connection.php:327
Stack trace:
#0 C:\Users\RudieProject\Desktop\mrr-project\vendor\codeigniter4\framework\system\Database\MySQLi\Connection.php(327): mysqli->query('SELECT `u`.*, `...', 0)
#1 C:\Users\RudieProject\Desktop\mrr-project\vendor\codeigniter4\framework\system\Database\BaseConnection.php(729): CodeIgniter\Database\MySQLi\Connection->execute('SELECT `u`.*, `...')
#2 C:\Users\RudieProject\Desktop\mrr-project\vendor\codeigniter4\framework\system\Database\BaseConnection.php(646): CodeIgniter\Database\BaseConnection->simpleQuery('SELECT `u`.*, `...')
#3 C:\Users\RudieProject\Desktop\mrr-project\vendor\codeigniter4\framework\system\Database\BaseBuilder.php(1649): CodeIgniter\Database\BaseConnection->query('SELECT `u`.*, `...', Array, false)
#4 C:\Users\RudieProject\Desktop\mrr-project\app\Models\AdminModel.php(85): CodeIgniter\Database\BaseBuilder->get()
#5 C:\Users\RudieProject\Desktop\mrr-project\app\Controllers\Admin.php(54): App\Models\AdminModel->getAllUsers()
#6 C:\Users\RudieProject\Desktop\mrr-project\vendor\codeigniter4\framework\system\CodeIgniter.php(933): App\Controllers\Admin->users()
#7 C:\Users\RudieProject\Desktop\mrr-project\vendor\codeigniter4\framework\system\CodeIgniter.php(507): CodeIgniter\CodeIgniter->runController(Object(App\Controllers\Admin))
#8 C:\Users\RudieProject\Desktop\mrr-project\vendor\codeigniter4\framework\system\CodeIgniter.php(354): CodeIgniter\CodeIgniter->handleRequest(NULL, Object(Config\Cache), false)
#9 C:\Users\RudieProject\Desktop\mrr-project\vendor\codeigniter4\framework\system\Boot.php(363): CodeIgniter\CodeIgniter->run()
#10 C:\Users\RudieProject\Desktop\mrr-project\vendor\codeigniter4\framework\system\Boot.php(68): CodeIgniter\Boot::runCodeIgniter(Object(CodeIgniter\CodeIgniter))
#11 C:\Users\RudieProject\Desktop\mrr-project\public\index.php(59): CodeIgniter\Boot::bootWeb(Object(Config\Paths))
#12 C:\Users\RudieProject\Desktop\mrr-project\vendor\codeigniter4\framework\system\rewrite.php(44): require_once('C:\\Users\\RudieP...')
#13 {main}
CRITICAL - 2025-10-08 17:02:45 --> CodeIgniter\Database\Exceptions\DatabaseException: Unknown column 'j.jabatan_name' in 'field list'
[Method: GET, Route: admin/users]
in SYSTEMPATH\Database\BaseConnection.php on line 684.
 1 SYSTEMPATH\Database\BaseBuilder.php(1649): CodeIgniter\Database\BaseConnection->query('SELECT `u`.*, `j`.`jabatan_name`
FROM `user_tbl` `u`
ORDER BY `u`.`full_name` ASC', [], false)
 2 APPPATH\Models\AdminModel.php(85): CodeIgniter\Database\BaseBuilder->get()
 3 APPPATH\Controllers\Admin.php(54): App\Models\AdminModel->getAllUsers()
 4 SYSTEMPATH\CodeIgniter.php(933): App\Controllers\Admin->users()
 5 SYSTEMPATH\CodeIgniter.php(507): CodeIgniter\CodeIgniter->runController(Object(App\Controllers\Admin))
 6 SYSTEMPATH\CodeIgniter.php(354): CodeIgniter\CodeIgniter->handleRequest(null, Object(Config\Cache), false)
 7 SYSTEMPATH\Boot.php(363): CodeIgniter\CodeIgniter->run()
 8 SYSTEMPATH\Boot.php(68): CodeIgniter\Boot::runCodeIgniter(Object(CodeIgniter\CodeIgniter))
 9 FCPATH\index.php(59): CodeIgniter\Boot::bootWeb(Object(Config\Paths))
10 SYSTEMPATH\rewrite.php(44): require_once('C:\\Users\\RudieProject\\Desktop\\mrr-project\\public\\index.php')
CRITICAL - 2025-10-08 17:02:45 --> [Caused by] CodeIgniter\Database\Exceptions\DatabaseException: Unknown column 'j.jabatan_name' in 'field list'
in SYSTEMPATH\Database\MySQLi\Connection.php on line 332.
 1 SYSTEMPATH\Database\BaseConnection.php(729): CodeIgniter\Database\MySQLi\Connection->execute('SELECT `u`.*, `j`.`jabatan_name`
FROM `user_tbl` `u`
ORDER BY `u`.`full_name` ASC')
 2 SYSTEMPATH\Database\BaseConnection.php(646): CodeIgniter\Database\BaseConnection->simpleQuery('SELECT `u`.*, `j`.`jabatan_name`
FROM `user_tbl` `u`
ORDER BY `u`.`full_name` ASC')
 3 SYSTEMPATH\Database\BaseBuilder.php(1649): CodeIgniter\Database\BaseConnection->query('SELECT `u`.*, `j`.`jabatan_name`
FROM `user_tbl` `u`
ORDER BY `u`.`full_name` ASC', [], false)
 4 APPPATH\Models\AdminModel.php(85): CodeIgniter\Database\BaseBuilder->get()
 5 APPPATH\Controllers\Admin.php(54): App\Models\AdminModel->getAllUsers()
 6 SYSTEMPATH\CodeIgniter.php(933): App\Controllers\Admin->users()
 7 SYSTEMPATH\CodeIgniter.php(507): CodeIgniter\CodeIgniter->runController(Object(App\Controllers\Admin))
 8 SYSTEMPATH\CodeIgniter.php(354): CodeIgniter\CodeIgniter->handleRequest(null, Object(Config\Cache), false)
 9 SYSTEMPATH\Boot.php(363): CodeIgniter\CodeIgniter->run()
10 SYSTEMPATH\Boot.php(68): CodeIgniter\Boot::runCodeIgniter(Object(CodeIgniter\CodeIgniter))
11 FCPATH\index.php(59): CodeIgniter\Boot::bootWeb(Object(Config\Paths))
12 SYSTEMPATH\rewrite.php(44): require_once('C:\\Users\\RudieProject\\Desktop\\mrr-project\\public\\index.php')
CRITICAL - 2025-10-08 17:02:45 --> [Caused by] mysqli_sql_exception: Unknown column 'j.jabatan_name' in 'field list'
in SYSTEMPATH\Database\MySQLi\Connection.php on line 327.
 1 SYSTEMPATH\Database\MySQLi\Connection.php(327): mysqli->query('SELECT `u`.*, `j`.`jabatan_name`
FROM `user_tbl` `u`
ORDER BY `u`.`full_name` ASC', 0)
 2 SYSTEMPATH\Database\BaseConnection.php(729): CodeIgniter\Database\MySQLi\Connection->execute('SELECT `u`.*, `j`.`jabatan_name`
FROM `user_tbl` `u`
ORDER BY `u`.`full_name` ASC')
 3 SYSTEMPATH\Database\BaseConnection.php(646): CodeIgniter\Database\BaseConnection->simpleQuery('SELECT `u`.*, `j`.`jabatan_name`
FROM `user_tbl` `u`
ORDER BY `u`.`full_name` ASC')
 4 SYSTEMPATH\Database\BaseBuilder.php(1649): CodeIgniter\Database\BaseConnection->query('SELECT `u`.*, `j`.`jabatan_name`
FROM `user_tbl` `u`
ORDER BY `u`.`full_name` ASC', [], false)
 5 APPPATH\Models\AdminModel.php(85): CodeIgniter\Database\BaseBuilder->get()
 6 APPPATH\Controllers\Admin.php(54): App\Models\AdminModel->getAllUsers()
 7 SYSTEMPATH\CodeIgniter.php(933): App\Controllers\Admin->users()
 8 SYSTEMPATH\CodeIgniter.php(507): CodeIgniter\CodeIgniter->runController(Object(App\Controllers\Admin))
 9 SYSTEMPATH\CodeIgniter.php(354): CodeIgniter\CodeIgniter->handleRequest(null, Object(Config\Cache), false)
10 SYSTEMPATH\Boot.php(363): CodeIgniter\CodeIgniter->run()
11 SYSTEMPATH\Boot.php(68): CodeIgniter\Boot::runCodeIgniter(Object(CodeIgniter\CodeIgniter))
12 FCPATH\index.php(59): CodeIgniter\Boot::bootWeb(Object(Config\Paths))
13 SYSTEMPATH\rewrite.php(44): require_once('C:\\Users\\RudieProject\\Desktop\\mrr-project\\public\\index.php')
DEBUG - 2025-10-08 17:10:53 --> Session: Class initialized using 'CodeIgniter\Session\Handlers\FileHandler' driver.
DEBUG - 2025-10-08 17:11:10 --> Session: Class initialized using 'CodeIgniter\Session\Handlers\FileHandler' driver.
DEBUG - 2025-10-08 17:11:18 --> Session: Class initialized using 'CodeIgniter\Session\Handlers\FileHandler' driver.
CRITICAL - 2025-10-08 17:11:18 --> CodeIgniter\View\Exceptions\ViewException: Invalid file: "admin/mailbox.php"
[Method: GET, Route: admin/mailbox]
in SYSTEMPATH\Exceptions\FrameworkException.php on line 39.
 1 SYSTEMPATH\View\View.php(214): CodeIgniter\Exceptions\FrameworkException::forInvalidFile('admin/mailbox.php')
 2 SYSTEMPATH\Common.php(1167): CodeIgniter\View\View->render('admin/mailbox', [], true)
 3 APPPATH\Controllers\Admin.php(78): view('admin/mailbox', [...])
 4 SYSTEMPATH\CodeIgniter.php(933): App\Controllers\Admin->mailbox()
 5 SYSTEMPATH\CodeIgniter.php(507): CodeIgniter\CodeIgniter->runController(Object(App\Controllers\Admin))
 6 SYSTEMPATH\CodeIgniter.php(354): CodeIgniter\CodeIgniter->handleRequest(null, Object(Config\Cache), false)
 7 SYSTEMPATH\Boot.php(363): CodeIgniter\CodeIgniter->run()
 8 SYSTEMPATH\Boot.php(68): CodeIgniter\Boot::runCodeIgniter(Object(CodeIgniter\CodeIgniter))
 9 FCPATH\index.php(59): CodeIgniter\Boot::bootWeb(Object(Config\Paths))
10 SYSTEMPATH\rewrite.php(44): require_once('C:\\Users\\RudieProject\\Desktop\\mrr-project\\public\\index.php')
DEBUG - 2025-10-08 17:15:18 --> Session: Class initialized using 'CodeIgniter\Session\Handlers\FileHandler' driver.
DEBUG - 2025-10-08 17:15:23 --> Session: Class initialized using 'CodeIgniter\Session\Handlers\FileHandler' driver.
DEBUG - 2025-10-08 17:15:24 --> Session: Class initialized using 'CodeIgniter\Session\Handlers\FileHandler' driver.
DEBUG - 2025-10-08 17:15:27 --> Session: Class initialized using 'CodeIgniter\Session\Handlers\FileHandler' driver.
DEBUG - 2025-10-08 17:15:27 --> Session: Class initialized using 'CodeIgniter\Session\Handlers\FileHandler' driver.
DEBUG - 2025-10-08 17:15:42 --> Session: Class initialized using 'CodeIgniter\Session\Handlers\FileHandler' driver.
DEBUG - 2025-10-08 17:15:42 --> Session: Class initialized using 'CodeIgniter\Session\Handlers\FileHandler' driver.
DEBUG - 2025-10-08 17:15:45 --> Session: Class initialized using 'CodeIgniter\Session\Handlers\FileHandler' driver.
DEBUG - 2025-10-08 17:18:30 --> Session: Class initialized using 'CodeIgniter\Session\Handlers\FileHandler' driver.
DEBUG - 2025-10-08 17:18:32 --> Session: Class initialized using 'CodeIgniter\Session\Handlers\FileHandler' driver.
DEBUG - 2025-10-08 17:18:34 --> Session: Class initialized using 'CodeIgniter\Session\Handlers\FileHandler' driver.
DEBUG - 2025-10-08 17:18:36 --> Session: Class initialized using 'CodeIgniter\Session\Handlers\FileHandler' driver.
DEBUG - 2025-10-08 17:18:47 --> Session: Class initialized using 'CodeIgniter\Session\Handlers\FileHandler' driver.
DEBUG - 2025-10-08 17:18:48 --> Session: Class initialized using 'CodeIgniter\Session\Handlers\FileHandler' driver.
DEBUG - 2025-10-08 17:18:49 --> Session: Class initialized using 'CodeIgniter\Session\Handlers\FileHandler' driver.
DEBUG - 2025-10-08 17:18:50 --> Session: Class initialized using 'CodeIgniter\Session\Handlers\FileHandler' driver.
DEBUG - 2025-10-08 17:18:52 --> Session: Class initialized using 'CodeIgniter\Session\Handlers\FileHandler' driver.
DEBUG - 2025-10-08 17:18:52 --> Session: Class initialized using 'CodeIgniter\Session\Handlers\FileHandler' driver.
DEBUG - 2025-10-08 17:20:15 --> Session: Class initialized using 'CodeIgniter\Session\Handlers\FileHandler' driver.
DEBUG - 2025-10-08 17:20:15 --> Session: Class initialized using 'CodeIgniter\Session\Handlers\FileHandler' driver.
DEBUG - 2025-10-08 17:20:21 --> Session: Class initialized using 'CodeIgniter\Session\Handlers\FileHandler' driver.
DEBUG - 2025-10-08 17:20:22 --> Session: Class initialized using 'CodeIgniter\Session\Handlers\FileHandler' driver.
DEBUG - 2025-10-08 17:20:25 --> Session: Class initialized using 'CodeIgniter\Session\Handlers\FileHandler' driver.
DEBUG - 2025-10-08 17:20:30 --> Session: Class initialized using 'CodeIgniter\Session\Handlers\FileHandler' driver.
DEBUG - 2025-10-08 17:20:30 --> Session: Class initialized using 'CodeIgniter\Session\Handlers\FileHandler' driver.
DEBUG - 2025-10-08 17:20:42 --> Session: Class initialized using 'CodeIgniter\Session\Handlers\FileHandler' driver.
DEBUG - 2025-10-08 17:20:42 --> Session: Class initialized using 'CodeIgniter\Session\Handlers\FileHandler' driver.
DEBUG - 2025-10-08 17:20:47 --> Session: Class initialized using 'CodeIgniter\Session\Handlers\FileHandler' driver.
DEBUG - 2025-10-08 17:20:51 --> Session: Class initialized using 'CodeIgniter\Session\Handlers\FileHandler' driver.
DEBUG - 2025-10-08 17:20:54 --> Session: Class initialized using 'CodeIgniter\Session\Handlers\FileHandler' driver.
DEBUG - 2025-10-08 17:20:55 --> Session: Class initialized using 'CodeIgniter\Session\Handlers\FileHandler' driver.
